[debug] [2021-02-02T16:22:40.980Z] ----------------------------------------------------------------------
[debug] [2021-02-02T16:22:40.984Z] Command:       C:\Program Files\nodejs\node.exe C:\Users\ironn\AppData\Roaming\npm\node_modules\firebase-tools\lib\bin\firebase.js init
[debug] [2021-02-02T16:22:40.985Z] CLI Version:   9.2.2
[debug] [2021-02-02T16:22:40.985Z] Platform:      win32
[debug] [2021-02-02T16:22:40.986Z] Node Version:  v14.15.3
[debug] [2021-02-02T16:22:40.993Z] Time:          Tue Feb 02 2021 21:52:40 GMT+0530 (India Standard Time)
[debug] [2021-02-02T16:22:40.994Z] ----------------------------------------------------------------------
[debug] [2021-02-02T16:22:40.994Z] 
[debug] [2021-02-02T16:22:41.000Z] >>> [apiv2][query] GET https://firebase-public.firebaseio.com/cli.json [none]
[debug] [2021-02-02T16:22:41.046Z] > command requires scopes: ["email","openid","https://www.googleapis.com/auth/cloudplatformprojects.readonly","https://www.googleapis.com/auth/firebase","https://www.googleapis.com/auth/cloud-platform"]
[debug] [2021-02-02T16:22:41.047Z] > authorizing via signed-in user
[info] 
     ######## #### ########  ######## ########     ###     ######  ########
     ##        ##  ##     ## ##       ##     ##  ##   ##  ##       ##
     ######    ##  ########  ######   ########  #########  ######  ######
     ##        ##  ##    ##  ##       ##     ## ##     ##       ## ##
     ##       #### ##     ## ######## ########  ##     ##  ######  ########

You're about to initialize a Firebase project in this directory:

  C:\Users\ironn\Documents\Projects\react\Hackathon-all\Healthgram

[debug] [2021-02-02T16:22:42.825Z] <<< [apiv2][status] GET https://firebase-public.firebaseio.com/cli.json 200
[debug] [2021-02-02T16:22:42.826Z] <<< [apiv2][body] GET https://firebase-public.firebaseio.com/cli.json {"cloudBuildErrorAfter":1594252800000,"cloudBuildWarnAfter":1590019200000,"defaultNode10After":1594252800000,"minVersion":"3.0.5","node8DeploysDisabledAfter":1613390400000,"node8RuntimeDisabledAfter":1615809600000,"node8WarnAfter":1600128000000}
[info] 
=== Project Setup
[info] 
[info] First, let's associate this project directory with a Firebase project.
[info] You can create multiple project aliases by running firebase use --add, 
[info] but for now we'll just set up a default project.
[info] 
[debug] [2021-02-02T16:22:49.815Z] > refreshing access token with scopes: []
[debug] [2021-02-02T16:22:49.816Z] >>> HTTP REQUEST POST https://www.googleapis.com/oauth2/v3/token  
 <request body omitted>
[debug] [2021-02-02T16:22:50.192Z] <<< HTTP RESPONSE 200 {"expires":"Mon, 01 Jan 1990 00:00:00 GMT","cache-control":"no-cache, no-store, max-age=0, must-revalidate","pragma":"no-cache","date":"Tue, 02 Feb 2021 16:22:50 GMT","content-type":"application/json; charset=utf-8","vary":"X-Origin, Referer, Origin,Accept-Encoding","server":"scaffolding on HTTPServer2","x-xss-protection":"0","x-frame-options":"SAMEORIGIN","x-content-type-options":"nosniff","alt-svc":"h3-29=\":443\"; ma=2592000,h3-T051=\":443\"; ma=2592000,h3-Q050=\":443\"; ma=2592000,h3-Q046=\":443\"; ma=2592000,h3-Q043=\":443\"; ma=2592000,quic=\":443\"; ma=2592000; v=\"46,43\"","accept-ranges":"none","transfer-encoding":"chunked"}
[debug] [2021-02-02T16:22:50.253Z] >>> [apiv2][query] GET https://firebase.googleapis.com/v1beta1/projects pageSize=100
[debug] [2021-02-02T16:22:50.961Z] <<< [apiv2][status] GET https://firebase.googleapis.com/v1beta1/projects 200
[debug] [2021-02-02T16:22:50.962Z] <<< [apiv2][body] GET https://firebase.googleapis.com/v1beta1/projects [omitted]
[info] i  Using project healthgram-blogchat (healthgram-blogchat) 
[info] 
=== Hosting Setup
[info] 
[info] Your public directory is the folder (relative to your project directory) that
[info] will contain Hosting assets to be uploaded with firebase deploy. If you
[info] have a build process for your assets, use your build's output directory.
[info] 
[debug] [2021-02-02T16:23:17.853Z] >>> [apiv2][query] GET https://www.gstatic.com/firebasejs/releases.json [none]
[debug] [2021-02-02T16:23:18.055Z] <<< [apiv2][status] GET https://www.gstatic.com/firebasejs/releases.json 200
[debug] [2021-02-02T16:23:18.056Z] <<< [apiv2][body] GET https://www.gstatic.com/firebasejs/releases.json {"current":{"version":"8.2.5","browserURL":"https://www.gstatic.com/firebasejs/8.2.5/firebase.js","packageURL":"https://www.gstatic.com/firebasejs/8.2.5/firebase.tgz"},"live":{"version":"8.2","browserURL":"https://www.gstatic.com/firebasejs/live/8.2/firebase.js","packageURL":"https://www.gstatic.com/firebasejs/live/8.2/firebase.tgz"},"components":{"analytics":"https://www.gstatic.com/firebasejs/8.2.5/firebase-analytics.js","app":"https://www.gstatic.com/firebasejs/8.2.5/firebase-app.js","auth":"https://www.gstatic.com/firebasejs/8.2.5/firebase-auth.js","database":"https://www.gstatic.com/firebasejs/8.2.5/firebase-database.js","firestore":"https://www.gstatic.com/firebasejs/8.2.5/firebase-firestore.js","functions":"https://www.gstatic.com/firebasejs/8.2.5/firebase-functions.js","installations":"https://www.gstatic.com/firebasejs/8.2.5/firebase-installations.js","messaging":"https://www.gstatic.com/firebasejs/8.2.5/firebase-messaging.js","storage":"https://www.gstatic.com/firebasejs/8.2.5/firebase-storage.js","performance":"https://www.gstatic.com/firebasejs/8.2.5/firebase-performance.js","remote-config":"https://www.gstatic.com/firebasejs/8.2.5/firebase-remote-config.js","firestore.memory":"https://www.gstatic.com/firebasejs/8.2.5/firebase-firestore.memory.js"}}
[info] i  Skipping write of build/index.html 
[info] 
[info] i  Detected a .git folder at C:\Users\ironn\Documents\Projects\react\Hackathon-all\Healthgram 
[info] i  Authorizing with GitHub to upload your service account to a GitHub repository's secrets store. 
[info] 
[info] Visit this URL on this device to log in:
[info] https://github.com/login/oauth/authorize?client_id=89cf50f02ac6aaed3484&state=579800966&redirect_uri=http%3A%2F%2Flocalhost%3A9005&scope=read%3Auser%20repo%20public_repo
[info] 
[info] Waiting for authentication...
[debug] [2021-02-02T16:27:37.277Z] >>> HTTP REQUEST POST https://github.com/login/oauth/access_token  
 {"client_id":"89cf50f02ac6aaed3484","client_secret":"3330d14abc895d9a74d5f17cd7a00711fa2c5bf0","code":"41f74eecfda3c0fbca73","redirect_uri":"http://localhost:9005","state":"579800966"}
[debug] [2021-02-02T16:27:37.770Z] <<< HTTP RESPONSE 200 {"date":"Tue, 02 Feb 2021 16:27:38 GMT","content-type":"application/json; charset=utf-8","transfer-encoding":"chunked","server":"GitHub.com","status":"200 OK","vary":"X-PJAX, Accept-Encoding, Accept, X-Requested-With, Accept-Encoding","etag":"W/\"db5a7a68a9463c3a177b0d4e1af305bd\"","cache-control":"max-age=0, private, must-revalidate","strict-transport-security":"max-age=31536000; includeSubdomains; preload","x-frame-options":"deny","x-content-type-options":"nosniff","x-xss-protection":"1; mode=block","referrer-policy":"origin-when-cross-origin, strict-origin-when-cross-origin","expect-ct":"max-age=2592000, report-uri=\"https://api.github.com/_private/browser/errors\"","content-security-policy":"default-src 'none'; base-uri 'self'; block-all-mixed-content; connect-src 'self' uploads.github.com www.githubstatus.com collector.githubapp.com api.github.com github-cloud.s3.amazonaws.com github-production-repository-file-5c1aeb.s3.amazonaws.com github-production-upload-manifest-file-7fdce7.s3.amazonaws.com github-production-user-asset-6210df.s3.amazonaws.com cdn.optimizely.com logx.optimizely.com/v1/events wss://alive.github.com; font-src github.githubassets.com; form-action 'self' github.com gist.github.com; frame-ancestors 'none'; frame-src render.githubusercontent.com; img-src 'self' data: github.githubassets.com identicons.github.com collector.githubapp.com github-cloud.s3.amazonaws.com *.githubusercontent.com; manifest-src 'self'; media-src 'none'; script-src github.githubassets.com; style-src 'unsafe-inline' github.githubassets.com; worker-src github.com/socket-worker-5029ae85.js gist.github.com/socket-worker-5029ae85.js","x-github-request-id":"044F:3720:EE3A61:1086B45:60197D7A"}
[debug] [2021-02-02T16:27:37.774Z] >>> [apiv2][query] GET https://api.github.com/user [none]
[debug] [2021-02-02T16:27:38.345Z] <<< [apiv2][status] GET https://api.github.com/user 200
[debug] [2021-02-02T16:27:38.346Z] <<< [apiv2][body] GET https://api.github.com/user {"login":"imdude001","id":56074587,"node_id":"MDQ6VXNlcjU2MDc0NTg3","avatar_url":"https://avatars.githubusercontent.com/u/56074587?v=4","gravatar_id":"","url":"https://api.github.com/users/imdude001","html_url":"https://github.com/imdude001","followers_url":"https://api.github.com/users/imdude001/followers","following_url":"https://api.github.com/users/imdude001/following{/other_user}","gists_url":"https://api.github.com/users/imdude001/gists{/gist_id}","starred_url":"https://api.github.com/users/imdude001/starred{/owner}{/repo}","subscriptions_url":"https://api.github.com/users/imdude001/subscriptions","organizations_url":"https://api.github.com/users/imdude001/orgs","repos_url":"https://api.github.com/users/imdude001/repos","events_url":"https://api.github.com/users/imdude001/events{/privacy}","received_events_url":"https://api.github.com/users/imdude001/received_events","type":"User","site_admin":false,"name":"Arun Shekhar","company":"Jcbose UST, Faridabad","blog":"https://devstardude.web.app/","location":"Gurgaon, India","email":"arunshekhar001@gmail.com","hireable":null,"bio":"The name's Star.\r\nDevstar â­","twitter_username":null,"public_repos":14,"public_gists":0,"followers":5,"following":6,"created_at":"2019-10-02T11:35:52Z","updated_at":"2021-02-02T16:27:36Z","private_gists":0,"total_private_repos":5,"owned_private_repos":5,"disk_usage":66058,"collaborators":0,"two_factor_authentication":false,"plan":{"name":"pro","space":976562499,"collaborators":0,"private_repos":9999}}
[info] 
[info] +  Success! Logged into GitHub as imdude001 
[info] 
